Sat Jan 09 13:02:49 Saved as file C:\USERS\ALESSANDRO\DESKTOP\AUGUSTO - HEXAPOD MINI\UDOOCIRCUIT\SCHEMA.MAX
Sat Jan 09 13:02:49 Saved as file BACKUP1.MAX
Sat Jan 09 13:02:49 Saved as file C:\USERS\ALESSANDRO\DESKTOP\AUGUSTO - HEXAPOD MINI\UDOOCIRCUIT\SCHEMA.MAX
Sat Jan 09 13:02:50 UserDiv from Layout.INI for AutoECO: 60
Sat Jan 09 13:02:50 Loaded file C:\USERS\ALESSANDRO\DESKTOP\AUGUSTO - HEXAPOD MINI\UDOOCIRCUIT\SCHEMA.MAX
Sat Jan 09 13:02:50 Library file not found:USER.PRT
Sat Jan 09 13:02:50 Library file not found:USER.PRT
Sat Jan 09 13:03:06 Loaded file C:\PROGRAM FILES\ORCAD\LAYOUT_PLUS\data\template.imp
Sat Jan 09 13:03:06 Loaded file C:\PROGRAM FILES\ORCAD\LAYOUT_PLUS\data\template.imp
Sat Jan 09 13:04:56 Loaded file C:\USERS\ALESSANDRO\DESKTOP\AUGUSTO - HEXAPOD MINI\UDOOCIRCUIT\SCHEMA.MAX
Sat Jan 09 13:10:52 Saved as file ~undo.max
Sat Jan 09 13:13:14 Saved as file BACKUP1.MAX
Sat Jan 09 13:21:46 Loaded file C:\Program Files\Orcad\Layout_Plus\data\template.imp
Sat Jan 09 13:21:46 Loaded file C:\Program Files\Orcad\Layout_Plus\data\template.imp
Sat Jan 09 13:21:55 Saved as file C:\USERS\ALESSANDRO\DESKTOP\AUGUSTO - HEXAPOD MINI\UDOOCIRCUIT\SCHEMA.MAX
Sat Jan 09 13:21:56 Saved as file C:\USERS\ALESSANDRO\DESKTOP\AUGUSTO - HEXAPOD MINI\UDOOCIRCUIT\SCHEMA.MAX
Sat Jan 09 13:21:56 Saved as file C:\USERS\ALESSANDRO\DESKTOP\AUGUSTO - HEXAPOD MINI\UDOOCIRCUIT\SCHEMA.MAX
Sat Jan 09 13:21:57 Saved as file C:\USERS\ALESSANDRO\DESKTOP\AUGUSTO - HEXAPOD MINI\UDOOCIRCUIT\SCHEMA.MAX
Sat Jan 09 13:21:59 Saved as file C:\USERS\ALESSANDRO\DESKTOP\AUGUSTO - HEXAPOD MINI\UDOOCIRCUIT\SCHEMA.MAX
Sat Jan 09 14:37:19 Saved as file BACKUP1.MAX
Sat Jan 09 14:37:19 Saved as file C:\USERS\ALESSANDRO\DESKTOP\UDOOCIRCUIT\SCHEMA.MAX
Sat Jan 09 14:37:19 UserDiv from Layout.INI for AutoECO: 60
Sat Jan 09 14:37:19 Loaded file C:\USERS\ALESSANDRO\DESKTOP\UDOOCIRCUIT\SCHEMA.MAX
Sat Jan 09 14:37:19 Loaded file C:\PROGRAM FILES\ORCAD\LIBRERIE\LAYOUT_LIBRARY\_CONN.LLB
Sat Jan 09 14:37:19 Loaded file C:\PROGRAM FILES\ORCAD\LIBRERIE\LAYOUT_LIBRARY\_DIP.LLB
Sat Jan 09 14:37:19 Loaded file C:\PROGRAM FILES\ORCAD\LIBRERIE\LAYOUT_LIBRARY\_MAXL.LLB
Sat Jan 09 14:37:19 Loaded file C:\PROGRAM FILES\ORCAD\LIBRERIE\LAYOUT_LIBRARY\_MIX.LLB
Sat Jan 09 14:37:19 Loaded file C:\PROGRAM FILES\ORCAD\LIBRERIE\LAYOUT_LIBRARY\_NUOVI.LLB
Sat Jan 09 14:37:19 Loaded file C:\PROGRAM FILES\ORCAD\LIBRERIE\LAYOUT_LIBRARY\_SMD.LLB
Sat Jan 09 14:37:19 Saved as file C:\USERS\ALESSANDRO\DESKTOP\UDOOCIRCUIT\SCHEMA.MAX
Sat Jan 09 14:37:20 Loaded file C:\USERS\ALESSANDRO\DESKTOP\UDOOCIRCUIT\SCHEMA.MAX
Sat Jan 09 14:49:30 Saved as file BACKUP1.MAX
Sat Jan 09 14:59:30 Saved as file BACKUP1.MAX
Sat Jan 09 15:09:30 Saved as file BACKUP1.MAX
Sat Jan 09 15:19:31 Saved as file BACKUP1.MAX
Sat Jan 09 15:29:31 Saved as file BACKUP1.MAX
Sat Jan 09 15:39:31 Saved as file BACKUP1.MAX
Sat Jan 09 15:50:32 Saved as file BACKUP1.MAX
Sat Jan 09 16:01:02 Saved as file BACKUP1.MAX
Sat Jan 09 16:12:02 Saved as file BACKUP1.MAX
Sat Jan 09 16:23:02 Saved as file BACKUP1.MAX
Sat Jan 09 16:34:03 Saved as file BACKUP1.MAX
Sat Jan 09 16:45:33 Saved as file BACKUP1.MAX
Sat Jan 09 16:56:03 Saved as file BACKUP1.MAX
Sat Jan 09 17:05:02 Saved as file Backup0.max
Sat Jan 09 17:05:02 Windows which were open at time of error:
Sat Jan 09 17:05:02 	ActiveWindow: &Design
Sat Jan 09 17:05:02 	Icon: &Components
Sat Jan 09 17:05:02 	Icon: &Nets
Sat Jan 09 17:05:02 	Icon: Post Proces&s
Sat Jan 09 17:05:02 	Icon: Density Grap&h
Sat Jan 09 17:05:02 End-of-list
Sat Jan 09 17:05:06 Loaded file BACKUP0.MAX
Sat Jan 09 17:05:11 Saved as file C:\USERS\ALESSANDRO\DESKTOP\UDOOCIRCUIT\SCHEMA.MAX
Sat Jan 09 17:05:12 Saved as file C:\USERS\ALESSANDRO\DESKTOP\UDOOCIRCUIT\SCHEMA.MAX
Sat Jan 09 17:05:13 Saved as file C:\USERS\ALESSANDRO\DESKTOP\UDOOCIRCUIT\SCHEMA.MAX
Sat Jan 09 17:05:27 Saved as file C:\USERS\ALESSANDRO\DESKTOP\UDOOCIRCUIT\SCHEMA.MAX
Sat Jan 09 17:05:30 Saved as file C:\USERS\ALESSANDRO\DESKTOP\UDOOCIRCUIT\SCHEMA.MAX
Sat Jan 09 17:13:30 Saved as file ~undo.max
Sat Jan 09 17:14:11 Saved as file ~undo.max
Sat Jan 09 17:14:12 Saved as file ~undo.max
Sat Jan 09 17:16:06 Saved as file BACKUP1.MAX
Sat Jan 09 17:27:06 Saved as file BACKUP1.MAX
Sat Jan 09 17:29:11 Saved as file C:\USERS\ALESSANDRO\DESKTOP\UDOOCIRCUIT\SCHEMA.MAX
Sat Jan 09 17:29:34 Saved as file C:\USERS\ALESSANDRO\DESKTOP\UDOOCIRCUIT\SCHEMA_SENZADIM.MAX
Fri Jan 15 10:06:04 Saved as file BACKUP1.MAX
Fri Jan 15 10:12:16 Error code 0712.623 (766)
Fri Jan 15 10:12:16 Saved as file Backup0.max
Fri Jan 15 10:12:16 Windows which were open at time of error:
Fri Jan 15 10:12:16 	ActiveWindow: &Design
Fri Jan 15 10:12:16 	Icon: &Components
Fri Jan 15 10:12:16 	Icon: &Nets
Fri Jan 15 10:12:16 	Icon: Post Proces&s
Fri Jan 15 10:12:16 End-of-list
Fri Jan 15 10:12:16 Loaded file BACKUP0.MAX
Fri Jan 15 10:13:28 Error code 0712.623 (766)
Fri Jan 15 10:13:28 Saved as file Backup0.max
Fri Jan 15 10:13:28 Windows which were open at time of error:
Fri Jan 15 10:13:28 	ActiveWindow: &Design
Fri Jan 15 10:13:28 	Icon: &Components
Fri Jan 15 10:13:28 	Icon: &Nets
Fri Jan 15 10:13:28 	Icon: Post Proces&s
Fri Jan 15 10:13:28 End-of-list
Fri Jan 15 10:13:28 Loaded file BACKUP0.MAX
Fri Jan 15 10:14:54 Error code 0712.623 (766)
Fri Jan 15 10:14:54 Saved as file Backup0.max
Fri Jan 15 10:14:54 Windows which were open at time of error:
Fri Jan 15 10:14:54 	ActiveWindow: &Design
Fri Jan 15 10:14:54 	Icon: &Components
Fri Jan 15 10:14:54 	Icon: &Nets
Fri Jan 15 10:14:54 	Icon: Post Proces&s
Fri Jan 15 10:14:54 End-of-list
Fri Jan 15 10:14:54 Loaded file BACKUP0.MAX
Fri Jan 15 10:25:24 Saved as file BACKUP1.MAX
Fri Jan 15 10:26:34 Error code 0712.623 (766)
Fri Jan 15 10:26:34 Saved as file Backup0.max
Fri Jan 15 10:26:34 Windows which were open at time of error:
Fri Jan 15 10:26:34 	ActiveWindow: &Design
Fri Jan 15 10:26:34 	Icon: &Components
Fri Jan 15 10:26:34 	Icon: &Nets
Fri Jan 15 10:26:34 	Icon: Post Proces&s
Fri Jan 15 10:26:34 End-of-list
Fri Jan 15 10:26:35 Loaded file BACKUP0.MAX
Fri Jan 15 10:27:40 Error code 0712.623 (766)
Fri Jan 15 10:27:40 Saved as file Backup0.max
Fri Jan 15 10:27:40 Windows which were open at time of error:
Fri Jan 15 10:27:40 	ActiveWindow: &Design
Fri Jan 15 10:27:40 	Icon: &Components
Fri Jan 15 10:27:40 	Icon: &Nets
Fri Jan 15 10:27:40 	Icon: Post Proces&s
Fri Jan 15 10:27:40 End-of-list
Fri Jan 15 10:27:40 Loaded file BACKUP0.MAX
Fri Jan 15 10:30:56 Error code 0712.623 (766)
Fri Jan 15 10:30:56 Saved as file Backup0.max
Fri Jan 15 10:30:56 Windows which were open at time of error:
Fri Jan 15 10:30:56 	ActiveWindow: &Design
Fri Jan 15 10:30:56 	Icon: &Components
Fri Jan 15 10:30:56 	Icon: &Nets
Fri Jan 15 10:30:56 	Icon: Post Proces&s
Fri Jan 15 10:30:56 End-of-list
Fri Jan 15 10:30:57 Loaded file BACKUP0.MAX
Fri Jan 15 11:41:21 Saved as file BACKUP1.MAX
Fri Jan 15 11:52:39 Saved as file BACKUP1.MAX
Fri Jan 15 12:02:40 Saved as file BACKUP1.MAX
Fri Jan 15 12:12:40 Saved as file BACKUP1.MAX
Fri Jan 15 12:22:40 Saved as file BACKUP1.MAX
Fri Jan 15 12:32:40 Saved as file BACKUP1.MAX
Fri Jan 15 12:59:35 Saved as file BACKUP1.MAX
Fri Jan 15 13:13:54 Saved as file BACKUP1.MAX
Fri Jan 15 13:41:02 Saved as file BACKUP1.MAX
Fri Jan 15 13:42:18 Error code 0712.623 (766)
Fri Jan 15 13:42:18 Saved as file Backup0.max
Fri Jan 15 13:42:18 Windows which were open at time of error:
Fri Jan 15 13:42:18 	ActiveWindow: &Route
Fri Jan 15 13:42:18 	Icon: &Components
Fri Jan 15 13:42:18 	Icon: &Nets
Fri Jan 15 13:42:18 	Icon: Post Proces&s
Fri Jan 15 13:42:18 End-of-list
Fri Jan 15 13:42:18 Loaded file BACKUP0.MAX
Fri Jan 15 13:44:01 Error code 0712.623 (766)
Fri Jan 15 13:44:01 Saved as file Backup0.max
Fri Jan 15 13:44:01 Windows which were open at time of error:
Fri Jan 15 13:44:01 	ActiveWindow: &Design
Fri Jan 15 13:44:01 	Icon: &Components
Fri Jan 15 13:44:01 	Icon: &Nets
Fri Jan 15 13:44:01 	Icon: Post Proces&s
Fri Jan 15 13:44:01 End-of-list
Fri Jan 15 13:44:01 Loaded file BACKUP0.MAX
Fri Jan 15 13:44:45 Error code 0712.623 (766)
Fri Jan 15 13:44:45 Saved as file Backup0.max
Fri Jan 15 13:44:45 Windows which were open at time of error:
Fri Jan 15 13:44:45 	ActiveWindow: &Design
Fri Jan 15 13:44:45 	Icon: &Components
Fri Jan 15 13:44:45 	Icon: &Nets
Fri Jan 15 13:44:45 	Icon: Post Proces&s
Fri Jan 15 13:44:45 End-of-list
Fri Jan 15 13:44:45 Loaded file BACKUP0.MAX
Fri Jan 15 13:46:31 Error code 0712.623 (766)
Fri Jan 15 13:46:31 Saved as file Backup0.max
Fri Jan 15 13:46:31 Windows which were open at time of error:
Fri Jan 15 13:46:31 	ActiveWindow: &Design
Fri Jan 15 13:46:31 	Icon: &Components
Fri Jan 15 13:46:31 	Icon: &Nets
Fri Jan 15 13:46:31 	Icon: Post Proces&s
Fri Jan 15 13:46:31 End-of-list
Fri Jan 15 13:46:31 Loaded file BACKUP0.MAX
Fri Jan 15 13:49:25 Error code 0712.623 (766)
Fri Jan 15 13:49:25 Saved as file Backup0.max
Fri Jan 15 13:49:25 Windows which were open at time of error:
Fri Jan 15 13:49:25 	ActiveWindow: &Design
Fri Jan 15 13:49:25 	Child: Post Proces&s
Fri Jan 15 13:49:25 	Icon: &Components
Fri Jan 15 13:49:25 	Icon: &Nets
Fri Jan 15 13:49:25 End-of-list
Fri Jan 15 13:49:25 Loaded file BACKUP0.MAX
Fri Jan 15 13:59:02 Error code 0712.623 (766)
Fri Jan 15 13:59:02 Saved as file Backup0.max
Fri Jan 15 13:59:02 Windows which were open at time of error:
Fri Jan 15 13:59:02 	ActiveWindow: &Design
Fri Jan 15 13:59:02 	Icon: &Components
Fri Jan 15 13:59:02 	Icon: &Nets
Fri Jan 15 13:59:02 	Icon: Post Proces&s
Fri Jan 15 13:59:02 End-of-list
Fri Jan 15 13:59:02 Loaded file BACKUP0.MAX
Fri Jan 15 13:59:51 Error code 0712.623 (766)
Fri Jan 15 13:59:52 Saved as file Backup0.max
Fri Jan 15 13:59:52 Windows which were open at time of error:
Fri Jan 15 13:59:52 	ActiveWindow: &Design
Fri Jan 15 13:59:52 	Icon: &Components
Fri Jan 15 13:59:52 	Icon: &Nets
Fri Jan 15 13:59:52 	Icon: Post Proces&s
Fri Jan 15 13:59:52 End-of-list
Fri Jan 15 13:59:52 Loaded file BACKUP0.MAX
Fri Jan 15 14:01:35 Error code 0712.623 (766)
Fri Jan 15 14:01:35 Saved as file Backup0.max
Fri Jan 15 14:01:35 Windows which were open at time of error:
Fri Jan 15 14:01:35 	ActiveWindow: &Design
Fri Jan 15 14:01:35 	Icon: &Components
Fri Jan 15 14:01:35 	Icon: &Nets
Fri Jan 15 14:01:35 	Icon: Post Proces&s
Fri Jan 15 14:01:35 End-of-list
Fri Jan 15 14:01:36 Loaded file BACKUP0.MAX
Fri Jan 15 14:11:36 Saved as file BACKUP1.MAX
Fri Jan 15 14:21:36 Saved as file BACKUP1.MAX
Fri Jan 15 14:31:36 Saved as file BACKUP1.MAX
Mon Jan 18 15:56:47 Saved as file BACKUP1.MAX
Wed Jan 20 15:41:08 Saved as file BACKUP1.MAX
Wed Jan 20 15:51:08 Saved as file BACKUP1.MAX
Wed Jan 20 16:01:08 Saved as file BACKUP1.MAX
Wed Jan 20 16:35:51 Saved as file BACKUP1.MAX
Wed Jan 20 16:45:48 Saved as file BACKUP1.MAX
Wed Jan 20 16:55:49 Saved as file BACKUP1.MAX
Wed Jan 20 17:05:49 Saved as file BACKUP1.MAX
Wed Jan 20 17:15:49 Saved as file BACKUP1.MAX
Wed Jan 20 17:25:49 Saved as file BACKUP1.MAX
Wed Jan 20 17:35:50 Saved as file BACKUP1.MAX
